<?xml version="1.0" encoding="UTF-8"?>
<testng-results ignored="0" total="1" passed="1" failed="0" skipped="0">
  <reporter-output>
  </reporter-output>
  <suite started-at="2024-08-31T19:10:44 IST" name="Default suite" finished-at="2024-08-31T19:10:59 IST" duration-ms="14872">
    <groups>
    </groups>
    <test started-at="2024-08-31T19:10:44 IST" name="Default test" finished-at="2024-08-31T19:10:59 IST" duration-ms="14872">
      <class name="Automationpratic.screensht">
        <test-method signature="testScreenShot()[pri:0, instance:Automationpratic.screensht@23e84203]" started-at="2024-08-31T19:10:44 IST" name="testScreenShot" finished-at="2024-08-31T19:10:59 IST" duration-ms="14806" status="PASS">
          <reporter-output>
          </reporter-output>
        </test-method> <!-- testScreenShot -->
      </class> <!-- Automationpratic.screensht -->
    </test> <!-- Default test -->
  </suite> <!-- Default suite -->
</testng-results>
